<?xml version="1.0" encoding="UTF-8"?>
<!-- Generated by org.testng.reporters.JUnitReportReporter -->
<testsuite skipped="0" hostname="logesh" name="salesForce.SalesForceDownload" tests="1" failures="0" timestamp="03 Oct 2018 05:38:43 GMT" time="106.993" errors="0">
  <testcase name="Test" time="106.993" classname="salesForce.SalesForceDownload"/>
</testsuite> <!-- salesForce.SalesForceDownload -->
